C:\Anaconda3\python.exe C:/Users/Sergio/PycharmProjects/PlateRecognition/single_char_recognition_CNN.py
Generate train data...
Generate test data...

step 0, training accuracy 3.70588%, test accuracy 6.95781%
.........................
step 25, training accuracy 16.8235%, test accuracy 10.8808%
.........................
step 50, training accuracy 60.9412%, test accuracy 39.8224%
.........................
step 75, training accuracy 84.4706%, test accuracy 67.1355%
.........................
step 100, training accuracy 92.7647%, test accuracy 78.9785%
.........................
step 125, training accuracy 95.4118%, test accuracy 82.2354%
.........................
step 150, training accuracy 97%, test accuracy 85.0481%
.........................
step 175, training accuracy 97.7059%, test accuracy 86.5285%
.........................
step 200, training accuracy 98.0588%, test accuracy 87.7128%
.........................
step 225, training accuracy 98.2353%, test accuracy 88.2309%
.........................
step 250, training accuracy 98.4118%, test accuracy 88.6751%
.........................
step 275, training accuracy 98.7647%, test accuracy 89.4893%
.........................
step 300, training accuracy 99.0588%, test accuracy 89.6373%
.........................
step 325, training accuracy 99.3529%, test accuracy 90.3035%
.........................
step 350, training accuracy 99.5294%, test accuracy 90.8956%
.........................
step 375, training accuracy 99.5882%, test accuracy 91.4878%
.........................
step 400, training accuracy 99.7059%, test accuracy 90.8956%
.........................
step 425, training accuracy 99.8824%, test accuracy 92.154%
.........................
step 450, training accuracy 99.8824%, test accuracy 92.376%
.........................
step 475, training accuracy 99.9412%, test accuracy 92.8201%
.........................
step 500, training accuracy 99.9412%, test accuracy 93.0422%
.........................
step 525, training accuracy 99.9412%, test accuracy 92.8942%
.........................
step 550, training accuracy 99.9412%, test accuracy 93.4123%
.........................
step 575, training accuracy 99.9412%, test accuracy 93.8564%
.........................
step 600, training accuracy 99.9412%, test accuracy 93.0422%
.........................
step 625, training accuracy 99.9412%, test accuracy 93.3383%
.........................
step 650, training accuracy 99.9412%, test accuracy 93.7824%
.........................
step 675, training accuracy 99.9412%, test accuracy 94.0044%
.........................
step 700, training accuracy 99.9412%, test accuracy 93.8564%
.........................
step 725, training accuracy 99.9412%, test accuracy 93.7824%
.........................
step 750, training accuracy 100%, test accuracy 94.1525%
.........................
step 775, training accuracy 100%, test accuracy 94.5226%
.........................
step 800, training accuracy 100%, test accuracy 93.7824%
.........................
step 825, training accuracy 100%, test accuracy 93.7084%
.........................
step 850, training accuracy 100%, test accuracy 94.4486%
.........................
step 875, training accuracy 100%, test accuracy 94.7446%
.........................
step 900, training accuracy 100%, test accuracy 93.9304%
.........................
step 925, training accuracy 100%, test accuracy 94.0044%
.........................
step 950, training accuracy 100%, test accuracy 94.7446%
.........................
step 975, training accuracy 100%, test accuracy 94.3005%
.........................
step 1000, training accuracy 100%, test accuracy 94.3745%
.........................
step 1025, training accuracy 100%, test accuracy 94.7446%
.........................
step 1050, training accuracy 100%, test accuracy 94.4486%
.........................
step 1075, training accuracy 100%, test accuracy 94.3005%
.........................
step 1100, training accuracy 100%, test accuracy 94.8927%
.........................
step 1125, training accuracy 100%, test accuracy 94.3005%
.........................
step 1150, training accuracy 100%, test accuracy 94.8187%
.........................
step 1175, training accuracy 100%, test accuracy 94.7446%
.........................
step 1200, training accuracy 100%, test accuracy 95.0407%
.........................
step 1225, training accuracy 100%, test accuracy 94.6706%
.........................
step 1250, training accuracy 100%, test accuracy 94.5226%
.........................
step 1275, training accuracy 100%, test accuracy 94.9667%
.........................
step 1300, training accuracy 100%, test accuracy 94.6706%
.........................
step 1325, training accuracy 100%, test accuracy 94.7446%
.........................
step 1350, training accuracy 100%, test accuracy 94.5226%
.........................
step 1375, training accuracy 100%, test accuracy 95.1887%
.........................
step 1400, training accuracy 100%, test accuracy 95.1887%
.........................
step 1425, training accuracy 100%, test accuracy 95.1147%
.........................
step 1450, training accuracy 100%, test accuracy 95.1887%
.........................
step 1475, training accuracy 100%, test accuracy 95.4848%
.........................
step 1500, training accuracy 100%, test accuracy 95.0407%
.........................
step 1525, training accuracy 100%, test accuracy 94.7446%
.........................
step 1550, training accuracy 100%, test accuracy 94.9667%
.........................
step 1575, training accuracy 100%, test accuracy 95.1887%
.........................
step 1600, training accuracy 100%, test accuracy 94.7446%
.........................
step 1625, training accuracy 100%, test accuracy 95.1887%
.........................
step 1650, training accuracy 100%, test accuracy 95.0407%
.........................
step 1675, training accuracy 100%, test accuracy 94.8187%
.........................
step 1700, training accuracy 100%, test accuracy 95.3368%
.........................
step 1725, training accuracy 100%, test accuracy 95.2628%
.........................
step 1750, training accuracy 100%, test accuracy 94.8187%
.........................
step 1775, training accuracy 100%, test accuracy 94.8927%
.........................
step 1800, training accuracy 100%, test accuracy 94.7446%
.........................
step 1825, training accuracy 100%, test accuracy 95.1147%
.........................
step 1850, training accuracy 100%, test accuracy 94.9667%
.........................
step 1875, training accuracy 100%, test accuracy 94.8187%
.........................
step 1900, training accuracy 100%, test accuracy 95.2628%
.........................
step 1925, training accuracy 100%, test accuracy 94.9667%
.........................
step 1950, training accuracy 100%, test accuracy 94.8927%
.........................
step 1975, training accuracy 100%, test accuracy 95.1887%
.........................
step 2000, training accuracy 100%, test accuracy 95.3368%
.........................
step 2025, training accuracy 100%, test accuracy 95.3368%
.........................
step 2050, training accuracy 100%, test accuracy 95.1887%
.........................
step 2075, training accuracy 100%, test accuracy 94.9667%
.........................
step 2100, training accuracy 100%, test accuracy 95.0407%
.........................
step 2125, training accuracy 100%, test accuracy 94.8927%
.........................
step 2150, training accuracy 100%, test accuracy 95.1887%
.........................
step 2175, training accuracy 100%, test accuracy 95.3368%
.........................
step 2200, training accuracy 100%, test accuracy 95.0407%
.........................
step 2225, training accuracy 100%, test accuracy 95.4108%
.........................
step 2250, training accuracy 100%, test accuracy 95.2628%
.........................
step 2275, training accuracy 100%, test accuracy 95.4108%
.........................
step 2300, training accuracy 100%, test accuracy 95.3368%
.........................
step 2325, training accuracy 100%, test accuracy 95.1147%
.........................
step 2350, training accuracy 100%, test accuracy 95.0407%
.........................
step 2375, training accuracy 100%, test accuracy 95.4108%
.........................
step 2400, training accuracy 100%, test accuracy 95.4848%
.........................
step 2425, training accuracy 100%, test accuracy 94.8927%
.........................
step 2450, training accuracy 100%, test accuracy 95.1887%
.........................
step 2475, training accuracy 100%, test accuracy 95.3368%
.........................
step 2500, training accuracy 100%, test accuracy 95.0407%
.........................
step 2525, training accuracy 100%, test accuracy 95.3368%
.........................
step 2550, training accuracy 100%, test accuracy 94.8927%
.........................
step 2575, training accuracy 100%, test accuracy 95.4848%
.........................
step 2600, training accuracy 100%, test accuracy 95.5588%
.........................
step 2625, training accuracy 100%, test accuracy 95.5588%
.........................
step 2650, training accuracy 100%, test accuracy 95.1887%
.........................
step 2675, training accuracy 100%, test accuracy 95.2628%
.........................
step 2700, training accuracy 100%, test accuracy 95.4848%
.........................
step 2725, training accuracy 100%, test accuracy 95.4848%
.........................
step 2750, training accuracy 100%, test accuracy 95.7069%
.........................
step 2775, training accuracy 100%, test accuracy 95.4108%
.........................
step 2800, training accuracy 100%, test accuracy 95.0407%
.........................
step 2825, training accuracy 100%, test accuracy 95.4848%
.........................
step 2850, training accuracy 100%, test accuracy 95.4848%
.........................
step 2875, training accuracy 100%, test accuracy 95.4108%
.........................
step 2900, training accuracy 100%, test accuracy 95.2628%
.........................
step 2925, training accuracy 100%, test accuracy 95.3368%
.........................
step 2950, training accuracy 100%, test accuracy 95.2628%
.........................
step 2975, training accuracy 100%, test accuracy 95.4848%
.........................
step 3000, training accuracy 100%, test accuracy 95.4848%
.........................
step 3025, training accuracy 100%, test accuracy 95.3368%
.........................
step 3050, training accuracy 100%, test accuracy 95.8549%
.........................
step 3075, training accuracy 100%, test accuracy 95.5588%
.........................
step 3100, training accuracy 100%, test accuracy 95.3368%
.........................
step 3125, training accuracy 100%, test accuracy 95.5588%
.........................
step 3150, training accuracy 100%, test accuracy 95.3368%
.........................
step 3175, training accuracy 100%, test accuracy 95.3368%
.........................
step 3200, training accuracy 100%, test accuracy 95.4108%
.........................
step 3225, training accuracy 100%, test accuracy 95.4108%
.........................
step 3250, training accuracy 100%, test accuracy 95.5588%
.........................
step 3275, training accuracy 100%, test accuracy 95.4108%
.........................
step 3300, training accuracy 100%, test accuracy 95.4108%
.........................
step 3325, training accuracy 100%, test accuracy 95.6329%
.........................
step 3350, training accuracy 100%, test accuracy 95.4108%
.........................
step 3375, training accuracy 100%, test accuracy 95.5588%
.........................
step 3400, training accuracy 100%, test accuracy 95.1147%
.........................
step 3425, training accuracy 100%, test accuracy 95.1147%
.........................
step 3450, training accuracy 100%, test accuracy 95.3368%
.........................
step 3475, training accuracy 100%, test accuracy 95.3368%
.........................
step 3500, training accuracy 100%, test accuracy 95.7069%
.........................
step 3525, training accuracy 100%, test accuracy 95.5588%
.........................
step 3550, training accuracy 100%, test accuracy 95.6329%
.........................
step 3575, training accuracy 100%, test accuracy 95.2628%
.........................
step 3600, training accuracy 100%, test accuracy 95.1147%
.........................
step 3625, training accuracy 100%, test accuracy 95.1887%
.........................
step 3650, training accuracy 100%, test accuracy 95.5588%
.........................
step 3675, training accuracy 100%, test accuracy 95.4108%
.........................
step 3700, training accuracy 100%, test accuracy 95.3368%
.........................
step 3725, training accuracy 100%, test accuracy 95.4848%
.........................
step 3750, training accuracy 100%, test accuracy 95.8549%
.........................
step 3775, training accuracy 100%, test accuracy 95.4848%
.........................
step 3800, training accuracy 100%, test accuracy 95.8549%
.........................
step 3825, training accuracy 100%, test accuracy 95.5588%
.........................
step 3850, training accuracy 100%, test accuracy 95.2628%
.........................
step 3875, training accuracy 100%, test accuracy 95.0407%
.........................
step 3900, training accuracy 100%, test accuracy 95.0407%
.........................
step 3925, training accuracy 100%, test accuracy 95.5588%
.........................
step 3950, training accuracy 100%, test accuracy 95.7069%
.........................
step 3975, training accuracy 100%, test accuracy 95.5588%
.........................
step 4000, training accuracy 100%, test accuracy 95.5588%
.........................
step 4025, training accuracy 100%, test accuracy 95.6329%
.........................
step 4050, training accuracy 100%, test accuracy 95.1887%
.........................
step 4075, training accuracy 100%, test accuracy 95.3368%
.........................
step 4100, training accuracy 100%, test accuracy 95.4848%
.........................
step 4125, training accuracy 100%, test accuracy 95.6329%
.........................
step 4150, training accuracy 100%, test accuracy 95.7809%
.........................
step 4175, training accuracy 100%, test accuracy 95.1887%
.........................
step 4200, training accuracy 100%, test accuracy 95.6329%
.........................
step 4225, training accuracy 100%, test accuracy 95.6329%
.....................
Process finished with exit code 1